#
# A fatal error has been detected by the Java Runtime Environment:
#
#  EXCEPTION_ACCESS_VIOLATION (0xc0000005) at pc=0x77946f1f, pid=4688, tid=0x00000be8
#
# JRE version: Java(TM) SE Runtime Environment (8.0_181-b13) (build 1.8.0_181-b13)
# Java VM: Java HotSpot(TM) Client VM (25.181-b13 mixed mode windows-x86 )
# Problematic frame:
# V  [jvm.dll+0x96f1f]
#
# Failed to write core dump. Minidumps are not enabled by default on client versions of Windows
#
# If you would like to submit a bug report, please visit:
#   http://bugreport.java.com/bugreport/crash.jsp
#

---------------  T H R E A D  ---------------

Current thread (0x00edd400):  VMThread [stack: 0x00d80000,0x00dd0000] [id=3048]

siginfo: ExceptionCode=0xc0000005, reading address 0x0000459f

Registers:
EAX=0x00800000, EBX=0x00000404, ECX=0x0000459b, EDX=0x04347624
ESP=0x00dcf3fc, EBP=0x00dcf40c, ESI=0x00de5b70, EDI=0x00800000
EIP=0x77946f1f, EFLAGS=0x00010293

Top of Stack: (sp=0x00dcf3fc)
0x00dcf3fc:   00dcf5b0 043472d4 00000404 00de5b70
0x00dcf40c:   00dcf424 77982d8d 00800000 0434ed90
0x00dcf41c:   04346618 00dcf5b0 00dcf444 77956c1f
0x00dcf42c:   04347624 00dcf5b0 00de5b70 00dcf5b0
0x00dcf43c:   00de29b8 00de2fd8 00dcf458 7794579d
0x00dcf44c:   00dcf5b0 00de29b8 00000000 00dcf46c
0x00dcf45c:   77949bac 00dcf5b0 00dcf564 00000000
0x00dcf46c:   00dcf688 77945bc7 00000000 00dcf5b0 

Instructions: (pc=0x77946f1f)
0x77946eff:   ff c6 83 a0 01 00 00 00 5e 5b 5d c2 04 00 cc cc
0x77946f0f:   cc 55 8b ec 51 53 56 57 8b 7d 08 8b f1 8b 4f 04
0x77946f1f:   8b 41 04 89 75 fc 85 c0 7e 09 a8 01 75 30 c1 f8
0x77946f2f:   02 eb 33 79 29 8b 5f 08 8b 15 3c ef c1 77 8b c8 


Register to memory mapping:

EAX=0x00800000 is an unknown value
EBX=0x00000404 is an unknown value
ECX=0x0000459b is an unknown value
EDX=0x04347624 is pointing into object: 0x04346618
[Ljava.util.concurrent.ConcurrentHashMap$Node; 
 - klass: 'java/util/concurrent/ConcurrentHashMap$Node'[]
 - length: 1024
ESP=0x00dcf3fc is an unknown value
EBP=0x00dcf40c is an unknown value
ESI=0x00de5b70 is an unknown value
EDI=0x00800000 is an unknown value


Stack: [0x00d80000,0x00dd0000],  sp=0x00dcf3fc,  free space=316k
Native frames: (J=compiled Java code, j=interpreted, Vv=VM code, C=native code)
V  [jvm.dll+0x96f1f]
V  [jvm.dll+0xd2d8d]
V  [jvm.dll+0xa6c1f]
V  [jvm.dll+0x9579d]
V  [jvm.dll+0x99bac]
V  [jvm.dll+0x95bc7]
V  [jvm.dll+0x9a833]
V  [jvm.dll+0x947f5]
V  [jvm.dll+0x1bb716]
V  [jvm.dll+0x184b5b]
V  [jvm.dll+0x183f71]
V  [jvm.dll+0x184387]
V  [jvm.dll+0x184582]
V  [jvm.dll+0x1c5416]
C  [msvcr100.dll+0x5c556]
C  [msvcr100.dll+0x5c600]
C  [KERNEL32.DLL+0x41a8]
C  [ntdll.dll+0x52e31]
C  [ntdll.dll+0x52dff]

VM_Operation (0x00c5d53c): GenCollectForAllocation, mode: safepoint, requested by thread 0x00cecc00


---------------  P R O C E S S  ---------------

Java Threads: ( => current thread )
  0x14858800 JavaThread "InterruptTimer" daemon [_thread_blocked, id=1864, stack(0x15020000,0x15070000)]
  0x147dfc00 JavaThread "oracle.jdbc.driver.BlockSource.ThreadedCachingBlockSource.BlockReleaser" daemon [_thread_blocked, id=7792, stack(0x14bf0000,0x14c40000)]
  0x147dcc00 JavaThread "Timer-0" daemon [_thread_blocked, id=10180, stack(0x14ba0000,0x14bf0000)]
  0x1428c800 JavaThread "Service Thread" daemon [_thread_blocked, id=7404, stack(0x14500000,0x14550000)]
  0x14283c00 JavaThread "C1 CompilerThread0" daemon [_thread_blocked, id=9852, stack(0x144b0000,0x14500000)]
  0x14282800 JavaThread "Attach Listener" daemon [_thread_blocked, id=9204, stack(0x14460000,0x144b0000)]
  0x1428e400 JavaThread "Signal Dispatcher" daemon [_thread_blocked, id=8180, stack(0x01030000,0x01080000)]
  0x1427a000 JavaThread "Finalizer" daemon [_thread_blocked, id=4492, stack(0x00fe0000,0x01030000)]
  0x14264400 JavaThread "Reference Handler" daemon [_thread_blocked, id=432, stack(0x00f40000,0x00f90000)]
  0x00cecc00 JavaThread "main" [_thread_blocked, id=3660, stack(0x00c10000,0x00c60000)]

Other Threads:
=>0x00edd400 VMThread [stack: 0x00d80000,0x00dd0000] [id=3048]
  0x142ab800 WatcherThread [stack: 0x14550000,0x145a0000] [id=9468]

VM state:at safepoint (normal execution)

VM Mutex/Monitor currently owned by a thread:  ([mutex/lock_event])
[0x00ceb108] Threads_lock - owner thread: 0x00edd400
[0x00cebb88] Heap_lock - owner thread: 0x00cecc00

Heap:
 def new generation   total 4928K, used 4928K [0x03e00000, 0x04350000, 0x09350000)
  eden space 4416K, 100% used [0x03e00000, 0x04250000, 0x04250000)
  from space 512K, 100% used [0x04250000, 0x042d0000, 0x042d0000)
  to   space 512K, 100% used [0x042d0000, 0x04350000, 0x04350000)
 tenured generation   total 10944K, used 1969K [0x09350000, 0x09e00000, 0x13e00000)
   the space 10944K,  18% used [0x09350000, 0x0953c7e8, 0x0953c800, 0x09e00000)
 Metaspace       used 7885K, capacity 8075K, committed 8192K, reserved 8576K

Card table byte_map: [0x00cf0000,0x00d80000] byte_map_base: 0x00cd1000

Polling page: 0x00900000

CodeCache: size=32768Kb used=1026Kb max_used=1032Kb free=31741Kb
 bounds [0x01cf0000, 0x01df8000, 0x03cf0000]
 total_blobs=449 nmethods=260 adapters=120
 compilation: enabled

Compilation events (10 events):
Event: 24.071 Thread 0x14283c00  257             java.lang.Class::getClassLoader0 (5 bytes)
Event: 24.071 Thread 0x14283c00 nmethod 257 0x01df1fc8 code [0x01df20c0, 0x01df2140]
Event: 24.114 Thread 0x14283c00  258             sun.security.util.Cache$EqualByteArray::hashCode (57 bytes)
Event: 24.114 Thread 0x14283c00 nmethod 258 0x01dd76c8 code [0x01dd77c0, 0x01dd7890]
Event: 24.117 Thread 0x14283c00  259             java.util.jar.Attributes$Name::isValid (45 bytes)
Event: 24.118 Thread 0x14283c00 nmethod 259 0x01dd71c8 code [0x01dd72e0, 0x01dd751c]
Event: 24.149 Thread 0x14283c00  260             java.math.BigInteger::implMulAdd (81 bytes)
Event: 24.150 Thread 0x14283c00 nmethod 260 0x01dd6d88 code [0x01dd6e80, 0x01dd7050]
Event: 24.219 Thread 0x14283c00  261             java.lang.String::substring (56 bytes)
Event: 24.220 Thread 0x14283c00 nmethod 261 0x01dd68c8 code [0x01dd69f0, 0x01dd6c04]

GC Heap History (5 events):
Event: 20.716 GC heap before
{Heap before GC invocations=0 (full 0):
 def new generation   total 4928K, used 4416K [0x03e00000, 0x04350000, 0x09350000)
  eden space 4416K, 100% used [0x03e00000, 0x04250000, 0x04250000)
  from space 512K,   0% used [0x04250000, 0x04250000, 0x042d0000)
  to   space 512K,   0% used [0x042d0000, 0x042d0000, 0x04350000)
 tenured generation   total 10944K, used 0K [0x09350000, 0x09e00000, 0x13e00000)
   the space 10944K,   0% used [0x09350000, 0x09350000, 0x09350200, 0x09e00000)
 Metaspace       used 4166K, capacity 4333K, committed 4416K, reserved 4480K
Event: 20.727 GC heap after
Heap after GC invocations=1 (full 0):
 def new generation   total 4928K, used 512K [0x03e00000, 0x04350000, 0x09350000)
  eden space 4416K,   0% used [0x03e00000, 0x03e00000, 0x04250000)
  from space 512K, 100% used [0x042d0000, 0x04350000, 0x04350000)
  to   space 512K,   0% used [0x04250000, 0x04250000, 0x042d0000)
 tenured generation   total 10944K, used 897K [0x09350000, 0x09e00000, 0x13e00000)
   the space 10944K,   8% used [0x09350000, 0x09430650, 0x09430800, 0x09e00000)
 Metaspace       used 4166K, capacity 4333K, committed 4416K, reserved 4480K
}
Event: 21.262 GC heap before
{Heap before GC invocations=1 (full 0):
 def new generation   total 4928K, used 4927K [0x03e00000, 0x04350000, 0x09350000)
  eden space 4416K,  99% used [0x03e00000, 0x0424fea8, 0x04250000)
  from space 512K, 100% used [0x042d0000, 0x04350000, 0x04350000)
  to   space 512K,   0% used [0x04250000, 0x04250000, 0x042d0000)
 tenured generation   total 10944K, used 897K [0x09350000, 0x09e00000, 0x13e00000)
   the space 10944K,   8% used [0x09350000, 0x09430650, 0x09430800, 0x09e00000)
 Metaspace       used 5894K, capacity 6063K, committed 6144K, reserved 6528K
Event: 21.279 GC heap after
Heap after GC invocations=2 (full 0):
 def new generation   total 4928K, used 512K [0x03e00000, 0x04350000, 0x09350000)
  eden space 4416K,   0% used [0x03e00000, 0x03e00000, 0x04250000)
  from space 512K, 100% used [0x04250000, 0x042d0000, 0x042d0000)
  to   space 512K,   0% used [0x042d0000, 0x042d0000, 0x04350000)
 tenured generation   total 10944K, used 1902K [0x09350000, 0x09e00000, 0x13e00000)
   the space 10944K,  17% used [0x09350000, 0x0952b820, 0x0952ba00, 0x09e00000)
 Metaspace       used 5894K, capacity 6063K, committed 6144K, reserved 6528K
}
Event: 24.223 GC heap before
{Heap before GC invocations=2 (full 0):
 def new generation   total 4928K, used 4928K [0x03e00000, 0x04350000, 0x09350000)
  eden space 4416K, 100% used [0x03e00000, 0x04250000, 0x04250000)
  from space 512K, 100% used [0x04250000, 0x042d0000, 0x042d0000)
  to   space 512K,   0% used [0x042d0000, 0x042d0000, 0x04350000)
 tenured generation   total 10944K, used 1902K [0x09350000, 0x09e00000, 0x13e00000)
   the space 10944K,  17% used [0x09350000, 0x0952b820, 0x0952ba00, 0x09e00000)
 Metaspace       used 7885K, capacity 8075K, committed 8192K, reserved 8576K

Deoptimization events (0 events):
No events

Classes redefined (0 events):
No events

Internal exceptions (10 events):
Event: 20.240 Thread 0x00cecc00 Exception <a 'java/lang/ArrayIndexOutOfBoundsException': 71> (0x040af6e8) thrown at [C:\workspace\8-2-build-windows-i586-cygwin\jdk8u181\11358\hotspot\src\share\vm\interpreter\interpreterRuntime.cpp, line 366]
Event: 20.242 Thread 0x00cecc00 Exception <a 'java/lang/ArrayIndexOutOfBoundsException': 18> (0x040b0308) thrown at [C:\workspace\8-2-build-windows-i586-cygwin\jdk8u181\11358\hotspot\src\share\vm\interpreter\interpreterRuntime.cpp, line 366]
Event: 20.243 Thread 0x00cecc00 Exception <a 'java/lang/ArrayIndexOutOfBoundsException': 60> (0x040b1118) thrown at [C:\workspace\8-2-build-windows-i586-cygwin\jdk8u181\11358\hotspot\src\share\vm\interpreter\interpreterRuntime.cpp, line 366]
Event: 20.246 Thread 0x00cecc00 Exception <a 'java/lang/ArrayIndexOutOfBoundsException': 71> (0x040b2708) thrown at [C:\workspace\8-2-build-windows-i586-cygwin\jdk8u181\11358\hotspot\src\share\vm\interpreter\interpreterRuntime.cpp, line 366]
Event: 20.275 Thread 0x00cecc00 Exception <a 'java/lang/ArrayIndexOutOfBoundsException': 38> (0x040d3a90) thrown at [C:\workspace\8-2-build-windows-i586-cygwin\jdk8u181\11358\hotspot\src\share\vm\interpreter\interpreterRuntime.cpp, line 366]
Event: 20.275 Thread 0x00cecc00 Exception <a 'java/lang/ArrayIndexOutOfBoundsException': 67> (0x040d4ae0) thrown at [C:\workspace\8-2-build-windows-i586-cygwin\jdk8u181\11358\hotspot\src\share\vm\interpreter\interpreterRuntime.cpp, line 366]
Event: 20.288 Thread 0x00cecc00 Exception <a 'java/lang/ArrayIndexOutOfBoundsException': 55> (0x040d6160) thrown at [C:\workspace\8-2-build-windows-i586-cygwin\jdk8u181\11358\hotspot\src\share\vm\interpreter\interpreterRuntime.cpp, line 366]
Event: 20.322 Thread 0x00cecc00 Exception <a 'java/lang/ArrayIndexOutOfBoundsException': 38> (0x040f8118) thrown at [C:\workspace\8-2-build-windows-i586-cygwin\jdk8u181\11358\hotspot\src\share\vm\interpreter\interpreterRuntime.cpp, line 366]
Event: 20.371 Thread 0x00cecc00 Exception <a 'java/lang/ArrayIndexOutOfBoundsException': 49> (0x04108a00) thrown at [C:\workspace\8-2-build-windows-i586-cygwin\jdk8u181\11358\hotspot\src\share\vm\interpreter\interpreterRuntime.cpp, line 366]
Event: 20.730 Thread 0x00cecc00 Exception <a 'java/lang/NoClassDefFoundError': oracle/security/pki/OraclePKIProvider> (0x03e00e10) thrown at [C:\workspace\8-2-build-windows-i586-cygwin\jdk8u181\11358\hotspot\src\share\vm\classfile\systemDictionary.cpp, line 199]

Events (10 events):
Event: 24.209 loading class sun/nio/cs/ISO_8859_1$Encoder done
Event: 24.210 loading class java/util/jar/JarVerifier$VerifierStream
Event: 24.218 loading class java/util/jar/JarVerifier$VerifierStream done
Event: 24.218 loading class sun/security/util/ManifestEntryVerifier$SunProviderHolder
Event: 24.218 loading class sun/security/util/ManifestEntryVerifier$SunProviderHolder done
Event: 24.222 loading class java/lang/UnsatisfiedLinkError
Event: 24.222 loading class java/lang/UnsatisfiedLinkError done
Event: 24.222 loading class sun/security/ec/SunEC$1
Event: 24.222 loading class sun/security/ec/SunEC$1 done
Event: 24.222 Executing VM operation: GenCollectForAllocation


Dynamic libraries:
0x010b0000 - 0x010e3000 	C:\Program Files\Java\jre1.8.0_181\bin\javaw.exe
0x76fa0000 - 0x7710a000 	C:\Windows\SYSTEM32\ntdll.dll
0x75340000 - 0x75441000 	C:\Windows\system32\KERNEL32.DLL
0x5b7d0000 - 0x5b7df000 	C:\Program Files\AVAST Software\Avast\aswhook.dll
0x748a0000 - 0x74979000 	C:\Windows\system32\KERNELBASE.dll
0x73710000 - 0x737b0000 	C:\Windows\system32\apphelp.dll
0x6dbf0000 - 0x6de52000 	C:\Windows\AppPatch\AcGenral.DLL
0x76a10000 - 0x76ad3000 	C:\Windows\system32\msvcrt.dll
0x74e30000 - 0x74e71000 	C:\Windows\SYSTEM32\sechost.dll
0x747f0000 - 0x74813000 	C:\Windows\system32\SspiCli.dll
0x74e80000 - 0x74ec5000 	C:\Windows\system32\SHLWAPI.dll
0x73870000 - 0x7395e000 	C:\Windows\SYSTEM32\UxTheme.dll
0x76770000 - 0x768c5000 	C:\Windows\system32\USER32.dll
0x74d20000 - 0x74e2f000 	C:\Windows\system32\GDI32.dll
0x6fbc0000 - 0x6fbe3000 	C:\Windows\SYSTEM32\WINMM.dll
0x6e670000 - 0x6e683000 	C:\Windows\SYSTEM32\samcli.dll
0x74ed0000 - 0x74ff9000 	C:\Windows\system32\ole32.dll
0x76960000 - 0x769f6000 	C:\Windows\system32\OLEAUT32.dll
0x6dbd0000 - 0x6dbe7000 	C:\Windows\SYSTEM32\MSACM32.dll
0x72580000 - 0x72588000 	C:\Windows\SYSTEM32\VERSION.dll
0x75450000 - 0x7670c000 	C:\Windows\system32\SHELL32.dll
0x73f60000 - 0x73f7b000 	C:\Windows\SYSTEM32\USERENV.dll
0x73110000 - 0x7312a000 	C:\Windows\SYSTEM32\dwmapi.dll
0x6da00000 - 0x6db52000 	C:\Windows\SYSTEM32\urlmon.dll
0x76b40000 - 0x76bbc000 	C:\Windows\system32\ADVAPI32.dll
0x6f2c0000 - 0x6f325000 	C:\Windows\SYSTEM32\WINSPOOL.DRV
0x6d9e0000 - 0x6d9f6000 	C:\Windows\SYSTEM32\MPR.dll
0x76c10000 - 0x76cdf000 	C:\Windows\system32\RPCRT4.dll
0x74ba0000 - 0x74d1d000 	C:\Windows\SYSTEM32\combase.dll
0x6f290000 - 0x6f2b3000 	C:\Windows\SYSTEM32\WINMMBASE.dll
0x74770000 - 0x7477f000 	C:\Windows\SYSTEM32\profapi.dll
0x6d7a0000 - 0x6d9d8000 	C:\Windows\SYSTEM32\iertutil.dll
0x6d340000 - 0x6d777000 	C:\Windows\SYSTEM32\WININET.dll
0x74860000 - 0x7489c000 	C:\Windows\SYSTEM32\cfgmgr32.dll
0x73830000 - 0x73851000 	C:\Windows\SYSTEM32\DEVOBJ.dll
0x76f00000 - 0x76f8c000 	C:\Windows\system32\SHCORE.DLL
0x76be0000 - 0x76c06000 	C:\Windows\system32\IMM32.DLL
0x75220000 - 0x75332000 	C:\Windows\system32\MSCTF.dll
0x72f00000 - 0x73107000 	C:\Windows\WinSxS\x86_microsoft.windows.common-controls_6595b64144ccf1df_6.0.9600.19394_none_a9f59c4f01325ed5\COMCTL32.dll
0x5a2d0000 - 0x5a38f000 	C:\Program Files\Java\jre1.8.0_181\bin\msvcr100.dll
0x778b0000 - 0x77c83000 	C:\Program Files\Java\jre1.8.0_181\bin\client\jvm.dll
0x6d2e0000 - 0x6d2e8000 	C:\Windows\SYSTEM32\WSOCK32.dll
0x76a00000 - 0x76a06000 	C:\Windows\system32\PSAPI.DLL
0x76720000 - 0x7676f000 	C:\Windows\system32\WS2_32.dll
0x76710000 - 0x76717000 	C:\Windows\system32\NSI.dll
0x6a4b0000 - 0x6a4bc000 	C:\Program Files\Java\jre1.8.0_181\bin\verify.dll
0x61cf0000 - 0x61d12000 	C:\Program Files\Java\jre1.8.0_181\bin\java.dll
0x622a0000 - 0x622b4000 	C:\Program Files\Java\jre1.8.0_181\bin\zip.dll
0x61e90000 - 0x61e9a000 	C:\Program Files\Java\jre1.8.0_181\bin\management.dll
0x61610000 - 0x61625000 	C:\Program Files\Java\jre1.8.0_181\bin\net.dll
0x74130000 - 0x7417b000 	C:\Windows\system32\mswsock.dll
0x69d40000 - 0x69d4f000 	C:\Program Files\Java\jre1.8.0_181\bin\nio.dll
0x73fb0000 - 0x7402e000 	C:\Windows\SYSTEM32\DNSAPI.dll
0x69f30000 - 0x69f38000 	C:\Windows\System32\rasadhlp.dll
0x6ec70000 - 0x6ecb6000 	C:\Windows\System32\fwpuclnt.dll
0x69f80000 - 0x69f91000 	C:\Windows\system32\napinsp.dll
0x69f60000 - 0x69f76000 	C:\Windows\system32\pnrpnsp.dll
0x6f4c0000 - 0x6f4d4000 	C:\Windows\system32\NLAapi.dll
0x69f50000 - 0x69f5a000 	C:\Windows\System32\winrnr.dll
0x69f40000 - 0x69f50000 	C:\Windows\system32\wshbth.dll
0x6f170000 - 0x6f190000 	C:\Windows\SYSTEM32\IPHLPAPI.DLL
0x6f150000 - 0x6f158000 	C:\Windows\SYSTEM32\WINNSI.DLL
0x74180000 - 0x74199000 	C:\Windows\SYSTEM32\CRYPTSP.dll
0x73e20000 - 0x73e50000 	C:\Windows\system32\rsaenh.dll
0x743c0000 - 0x743e0000 	C:\Windows\SYSTEM32\bcrypt.dll
0x74620000 - 0x74674000 	C:\Windows\system32\bcryptprimitives.dll
0x74680000 - 0x7468a000 	C:\Windows\SYSTEM32\CRYPTBASE.dll
0x6ed20000 - 0x6ed33000 	C:\Windows\SYSTEM32\dhcpcsvc6.DLL
0x6ed00000 - 0x6ed14000 	C:\Windows\SYSTEM32\dhcpcsvc.DLL
0x6c4e0000 - 0x6c621000 	C:\Windows\SYSTEM32\dbghelp.dll

VM Arguments:
jvm_args: -Dfile.encoding=Cp1252 
java_command: com.wipro.sales.main.SalesApplication
java_class_path (initial): C:\Program Files\Java\jre1.8.0_181\lib\resources.jar;C:\Program Files\Java\jre1.8.0_181\lib\rt.jar;C:\Program Files\Java\jre1.8.0_181\lib\jsse.jar;C:\Program Files\Java\jre1.8.0_181\lib\jce.jar;C:\Program Files\Java\jre1.8.0_181\lib\charsets.jar;C:\Program Files\Java\jre1.8.0_181\lib\jfr.jar;C:\Program Files\Java\jre1.8.0_181\lib\ext\access-bridge.jar;C:\Program Files\Java\jre1.8.0_181\lib\ext\cldrdata.jar;C:\Program Files\Java\jre1.8.0_181\lib\ext\dnsns.jar;C:\Program Files\Java\jre1.8.0_181\lib\ext\jaccess.jar;C:\Program Files\Java\jre1.8.0_181\lib\ext\jfxrt.jar;C:\Program Files\Java\jre1.8.0_181\lib\ext\localedata.jar;C:\Program Files\Java\jre1.8.0_181\lib\ext\nashorn.jar;C:\Program Files\Java\jre1.8.0_181\lib\ext\ojdbc8.jar;C:\Program Files\Java\jre1.8.0_181\lib\ext\sunec.jar;C:\Program Files\Java\jre1.8.0_181\lib\ext\sunjce_provider.jar;C:\Program Files\Java\jre1.8.0_181\lib\ext\sunmscapi.jar;C:\Program Files\Java\jre1.8.0_181\lib\ext\sunpkcs11.jar;C:\Program Files\Java\jre1.8.0_181\lib\ext\zipfs.jar;C:\Users\gurdeep singh\Desktop\1710991455 Mandeep Singh\bin
Launcher Type: SUN_STANDARD

Environment Variables:
PATH=C:/Program Files/Java/jre1.8.0_181/bin/client;C:/Program Files/Java/jre1.8.0_181/bin;C:/Program Files/Java/jre1.8.0_181/lib/i386;C:\oraclexe\app\oracle\product\11.2.0\server\bin;C:\Program Files\Common Files\Oracle\Java\javapath;C:\Windows\system32;C:\Windows;C:\Windows\System32\Wbem;C:\Windows\System32\WindowsPowerShell\v1.0\;C:\Program Files\Git\cmd;C:\Program Files\nodejs\;C:\Users\gurdeep singh\AppData\Local\Programs\Python\Python37-32\Scripts\;C:\Users\gurdeep singh\AppData\Local\Programs\Python\Python37-32\;C:\Users\gurdeep singh\AppData\Local\Programs\Microsoft VS Code\bin;C:\Users\gurdeep singh\AppData\Roaming\npm;C:\Users\gurdeep singh\Downloads\eclipse-jee-oxygen-2-win32\eclipse;
USERNAME=gurdeep singh
OS=Windows_NT
PROCESSOR_IDENTIFIER=x86 Family 6 Model 58 Stepping 9, GenuineIntel



---------------  S Y S T E M  ---------------

OS: Windows 8.1 Build 9600 (6.3.9600.19678)

CPU:total 4 (initial active 4) (2 cores per cpu, 2 threads per core) family 6 model 58 stepping 9, cmov, cx8, fxsr, mmx, sse, sse2, sse3, ssse3, sse4.1, sse4.2, popcnt, avx, clmul, erms, ht, tsc, tscinvbit, tscinv

Memory: 4k page, physical 2527592k(330596k free), swap 5345640k(1392944k free)

vm_info: Java HotSpot(TM) Client VM (25.181-b13) for windows-x86 JRE (1.8.0_181-b13), built on Jul  7 2018 03:18:20 by "java_re" with MS VC++ 10.0 (VS2010)

time: Wed May 20 08:55:19 2020
elapsed time: 24 seconds (0d 0h 0m 24s)

